<?xml version="1.0" encoding="UTF-8"?>
<testng-results skipped="0" failed="0" ignored="0" total="1" passed="1">
  <reporter-output>
  </reporter-output>
  <suite name="Default suite" duration-ms="18986" started-at="2020-05-29T00:40:35Z" finished-at="2020-05-29T00:40:54Z">
    <groups>
    </groups>
    <test name="Default test" duration-ms="18986" started-at="2020-05-29T00:40:35Z" finished-at="2020-05-29T00:40:54Z">
      <class name="test.shoppingCartTests.AddSamsungPhoneTest">
        <test-method status="PASS" signature="addSamsungMobilePhone()[pri:0, instance:test.shoppingCartTests.AddSamsungPhoneTest@537f60bf]" name="addSamsungMobilePhone" duration-ms="17432" started-at="2020-05-29T03:40:35Z" finished-at="2020-05-29T03:40:52Z">
          <reporter-output>
          </reporter-output>
        </test-method> <!-- addSamsungMobilePhone -->
        <test-method status="PASS" signature="closeBrowser()[pri:0, instance:test.shoppingCartTests.AddSamsungPhoneTest@537f60bf]" name="closeBrowser" is-config="true" duration-ms="1519" started-at="2020-05-29T03:40:52Z" finished-at="2020-05-29T03:40:54Z">
          <reporter-output>
          </reporter-output>
        </test-method> <!-- closeBrowser -->
      </class> <!-- test.shoppingCartTests.AddSamsungPhoneTest -->
    </test> <!-- Default test -->
  </suite> <!-- Default suite -->
</testng-results>
